[
  {
    "level": "INFO",
    "message": "android.ndkVersion from module build.gradle is not set"
  },
  {
    "level": "INFO",
    "message": "ndk.dir in local.properties is not set"
  },
  {
    "level": "INFO",
    "message": "ANDROID_NDK_HOME environment variable is not set"
  },
  {
    "level": "INFO",
    "message": "sdkFolder is G:\\AndroidSdk\\Sdk"
  },
  {
    "level": "INFO",
    "message": "Because no explicit NDK was requested, the default version \u002721.0.6113669\u0027 for this Android Gradle Plugin will be used"
  },
  {
    "level": "INFO",
    "message": "Considering G:\\AndroidSdk\\Sdk\\ndk-bundle in SDK ndk-bundle folder"
  },
  {
    "level": "INFO",
    "message": "Considering G:\\AndroidSdk\\Sdk\\ndk\\19.0.5232133 in SDK ndk folder"
  },
  {
    "level": "INFO",
    "message": "Considering G:\\AndroidSdk\\Sdk\\ndk\\21.0.6113669 in SDK ndk folder"
  },
  {
    "level": "INFO",
    "message": "Considering G:\\AndroidSdk\\Sdk\\ndk\\21.4.7075529 in SDK ndk folder"
  },
  {
    "level": "INFO",
    "message": "Considering G:\\AndroidSdk\\Sdk\\ndk\\24.0.8215888 in SDK ndk folder"
  },
  {
    "level": "INFO",
    "message": "Found requested NDK version 21.0.6113669 at G:\\AndroidSdk\\Sdk\\ndk\\21.0.6113669"
  }
]